<?xml version="1.0" encoding="UTF-8"?>
<!-- Generated by org.testng.reporters.JUnitReportReporter -->
<testsuite hostname="IND-CHN-LT11632" failures="0" tests="2" name="Testing.testNG" time="0.024" errors="0" timestamp="2023-08-03T10:28:03 IST" skipped="0">
  <testcase classname="Testing.testNG" name="nine" time="0.017"/>
  <testcase classname="Testing.testNG" name="beight" time="0.007"/>
</testsuite> <!-- Testing.testNG -->
