<?xml version="1.0" encoding="UTF-8"?>
<!-- Generated by org.testng.reporters.JUnitReportReporter -->
<testsuite hostname="IND-CHN-LT11632" failures="0" tests="2" name="Testing.samples" time="6.527" errors="0" timestamp="2023-08-03T10:43:03 IST" skipped="0">
  <testcase classname="Testing.samples" name="hit" time="6.505"/>
  <testcase classname="Testing.samples" name="end" time="0.022"/>
</testsuite> <!-- Testing.samples -->
