<?xml version="1.0" encoding="UTF-8"?>
<!-- Generated by org.testng.reporters.JUnitReportReporter -->
<testsuite hostname="IND-CHN-LT11632" failures="0" tests="1" name="Testing.parametervalues" time="10.626" errors="0" timestamp="2023-08-05T10:58:02 IST" skipped="0">
  <testcase classname="Testing.parametervalues" name="botharecorrect" time="10.626"/>
</testsuite> <!-- Testing.parametervalues -->
